INFO - 2024-06-18 00:11:48 --> Session: Class initialized using 'CodeIgniter\Session\Handlers\FileHandler' driver.
INFO - 2024-06-18 00:13:18 --> Session: Class initialized using 'CodeIgniter\Session\Handlers\FileHandler' driver.
INFO - 2024-06-18 00:14:23 --> Session: Class initialized using 'CodeIgniter\Session\Handlers\FileHandler' driver.
INFO - 2024-06-18 00:15:28 --> CSRF token verified.
INFO - 2024-06-18 00:16:17 --> CSRF token verified.
INFO - 2024-06-18 00:16:18 --> Session: Class initialized using 'CodeIgniter\Session\Handlers\FileHandler' driver.
INFO - 2024-06-18 00:16:18 --> Session: Class initialized using 'CodeIgniter\Session\Handlers\FileHandler' driver.
CRITICAL - 2024-06-18 00:16:18 --> TypeError: App\Controllers\Admin\Usuarios::buscaUsuarioOu404(): Argument #1 ($id) must be of type ?int, string given, called in C:\xampp\htdocs\food\app\Controllers\Admin\Usuarios.php on line 83
[Method: GET, Route: admin/usuarios/show/images/logo.svg]
in APPPATH\Controllers\Admin\Usuarios.php on line 142.
 1 APPPATH\Controllers\Admin\Usuarios.php(83): App\Controllers\Admin\Usuarios->buscaUsuarioOu404('images')
 2 SYSTEMPATH\CodeIgniter.php(933): App\Controllers\Admin\Usuarios->show('images', 'logo.svg')
 3 SYSTEMPATH\CodeIgniter.php(509): CodeIgniter\CodeIgniter->runController(Object(App\Controllers\Admin\Usuarios))
 4 SYSTEMPATH\CodeIgniter.php(355): CodeIgniter\CodeIgniter->handleRequest(null, Object(Config\Cache), false)
 5 SYSTEMPATH\Boot.php(325): CodeIgniter\CodeIgniter->run()
 6 SYSTEMPATH\Boot.php(67): CodeIgniter\Boot::runCodeIgniter(Object(CodeIgniter\CodeIgniter))
 7 FCPATH\index.php(56): CodeIgniter\Boot::bootWeb(Object(Config\Paths))
 8 SYSTEMPATH\Commands\Server\rewrite.php(49): require_once('C:\\xampp\\htdocs\\food\\public\\index.php')
CRITICAL - 2024-06-18 00:16:18 --> TypeError: App\Controllers\Admin\Usuarios::buscaUsuarioOu404(): Argument #1 ($id) must be of type ?int, string given, called in C:\xampp\htdocs\food\app\Controllers\Admin\Usuarios.php on line 83
[Method: GET, Route: admin/usuarios/show/images/logo-mini.svg]
in APPPATH\Controllers\Admin\Usuarios.php on line 142.
 1 APPPATH\Controllers\Admin\Usuarios.php(83): App\Controllers\Admin\Usuarios->buscaUsuarioOu404('images')
 2 SYSTEMPATH\CodeIgniter.php(933): App\Controllers\Admin\Usuarios->show('images', 'logo-mini.svg')
 3 SYSTEMPATH\CodeIgniter.php(509): CodeIgniter\CodeIgniter->runController(Object(App\Controllers\Admin\Usuarios))
 4 SYSTEMPATH\CodeIgniter.php(355): CodeIgniter\CodeIgniter->handleRequest(null, Object(Config\Cache), false)
 5 SYSTEMPATH\Boot.php(325): CodeIgniter\CodeIgniter->run()
 6 SYSTEMPATH\Boot.php(67): CodeIgniter\Boot::runCodeIgniter(Object(CodeIgniter\CodeIgniter))
 7 FCPATH\index.php(56): CodeIgniter\Boot::bootWeb(Object(Config\Paths))
 8 SYSTEMPATH\Commands\Server\rewrite.php(49): require_once('C:\\xampp\\htdocs\\food\\public\\index.php')
CRITICAL - 2024-06-18 00:16:18 --> TypeError: App\Controllers\Admin\Usuarios::buscaUsuarioOu404(): Argument #1 ($id) must be of type ?int, string given, called in C:\xampp\htdocs\food\app\Controllers\Admin\Usuarios.php on line 83
[Method: GET, Route: admin/usuarios/show/images/faces/face4.jpg]
in APPPATH\Controllers\Admin\Usuarios.php on line 142.
 1 APPPATH\Controllers\Admin\Usuarios.php(83): App\Controllers\Admin\Usuarios->buscaUsuarioOu404('images')
 2 SYSTEMPATH\CodeIgniter.php(933): App\Controllers\Admin\Usuarios->show('images', 'faces', 'face4.jpg')
 3 SYSTEMPATH\CodeIgniter.php(509): CodeIgniter\CodeIgniter->runController(Object(App\Controllers\Admin\Usuarios))
 4 SYSTEMPATH\CodeIgniter.php(355): CodeIgniter\CodeIgniter->handleRequest(null, Object(Config\Cache), false)
 5 SYSTEMPATH\Boot.php(325): CodeIgniter\CodeIgniter->run()
 6 SYSTEMPATH\Boot.php(67): CodeIgniter\Boot::runCodeIgniter(Object(CodeIgniter\CodeIgniter))
 7 FCPATH\index.php(56): CodeIgniter\Boot::bootWeb(Object(Config\Paths))
 8 SYSTEMPATH\Commands\Server\rewrite.php(49): require_once('C:\\xampp\\htdocs\\food\\public\\index.php')
CRITICAL - 2024-06-18 00:16:18 --> TypeError: App\Controllers\Admin\Usuarios::buscaUsuarioOu404(): Argument #1 ($id) must be of type ?int, string given, called in C:\xampp\htdocs\food\app\Controllers\Admin\Usuarios.php on line 83
[Method: GET, Route: admin/usuarios/show/images/faces/face2.jpg]
in APPPATH\Controllers\Admin\Usuarios.php on line 142.
 1 APPPATH\Controllers\Admin\Usuarios.php(83): App\Controllers\Admin\Usuarios->buscaUsuarioOu404('images')
 2 SYSTEMPATH\CodeIgniter.php(933): App\Controllers\Admin\Usuarios->show('images', 'faces', 'face2.jpg')
 3 SYSTEMPATH\CodeIgniter.php(509): CodeIgniter\CodeIgniter->runController(Object(App\Controllers\Admin\Usuarios))
 4 SYSTEMPATH\CodeIgniter.php(355): CodeIgniter\CodeIgniter->handleRequest(null, Object(Config\Cache), false)
 5 SYSTEMPATH\Boot.php(325): CodeIgniter\CodeIgniter->run()
 6 SYSTEMPATH\Boot.php(67): CodeIgniter\Boot::runCodeIgniter(Object(CodeIgniter\CodeIgniter))
 7 FCPATH\index.php(56): CodeIgniter\Boot::bootWeb(Object(Config\Paths))
 8 SYSTEMPATH\Commands\Server\rewrite.php(49): require_once('C:\\xampp\\htdocs\\food\\public\\index.php')
CRITICAL - 2024-06-18 00:16:18 --> TypeError: App\Controllers\Admin\Usuarios::buscaUsuarioOu404(): Argument #1 ($id) must be of type ?int, string given, called in C:\xampp\htdocs\food\app\Controllers\Admin\Usuarios.php on line 83
[Method: GET, Route: admin/usuarios/show/images/faces/face3.jpg]
in APPPATH\Controllers\Admin\Usuarios.php on line 142.
 1 APPPATH\Controllers\Admin\Usuarios.php(83): App\Controllers\Admin\Usuarios->buscaUsuarioOu404('images')
 2 SYSTEMPATH\CodeIgniter.php(933): App\Controllers\Admin\Usuarios->show('images', 'faces', 'face3.jpg')
 3 SYSTEMPATH\CodeIgniter.php(509): CodeIgniter\CodeIgniter->runController(Object(App\Controllers\Admin\Usuarios))
 4 SYSTEMPATH\CodeIgniter.php(355): CodeIgniter\CodeIgniter->handleRequest(null, Object(Config\Cache), false)
 5 SYSTEMPATH\Boot.php(325): CodeIgniter\CodeIgniter->run()
 6 SYSTEMPATH\Boot.php(67): CodeIgniter\Boot::runCodeIgniter(Object(CodeIgniter\CodeIgniter))
 7 FCPATH\index.php(56): CodeIgniter\Boot::bootWeb(Object(Config\Paths))
 8 SYSTEMPATH\Commands\Server\rewrite.php(49): require_once('C:\\xampp\\htdocs\\food\\public\\index.php')
CRITICAL - 2024-06-18 00:16:18 --> TypeError: App\Controllers\Admin\Usuarios::buscaUsuarioOu404(): Argument #1 ($id) must be of type ?int, string given, called in C:\xampp\htdocs\food\app\Controllers\Admin\Usuarios.php on line 83
[Method: GET, Route: admin/usuarios/show/images/faces/face5.jpg]
in APPPATH\Controllers\Admin\Usuarios.php on line 142.
 1 APPPATH\Controllers\Admin\Usuarios.php(83): App\Controllers\Admin\Usuarios->buscaUsuarioOu404('images')
 2 SYSTEMPATH\CodeIgniter.php(933): App\Controllers\Admin\Usuarios->show('images', 'faces', 'face5.jpg')
 3 SYSTEMPATH\CodeIgniter.php(509): CodeIgniter\CodeIgniter->runController(Object(App\Controllers\Admin\Usuarios))
 4 SYSTEMPATH\CodeIgniter.php(355): CodeIgniter\CodeIgniter->handleRequest(null, Object(Config\Cache), false)
 5 SYSTEMPATH\Boot.php(325): CodeIgniter\CodeIgniter->run()
 6 SYSTEMPATH\Boot.php(67): CodeIgniter\Boot::runCodeIgniter(Object(CodeIgniter\CodeIgniter))
 7 FCPATH\index.php(56): CodeIgniter\Boot::bootWeb(Object(Config\Paths))
 8 SYSTEMPATH\Commands\Server\rewrite.php(49): require_once('C:\\xampp\\htdocs\\food\\public\\index.php')
INFO - 2024-06-18 00:18:03 --> Session: Class initialized using 'CodeIgniter\Session\Handlers\FileHandler' driver.
CRITICAL - 2024-06-18 00:18:03 --> TypeError: App\Controllers\Admin\Usuarios::buscaUsuarioOu404(): Argument #1 ($id) must be of type ?int, string given, called in C:\xampp\htdocs\food\app\Controllers\Admin\Usuarios.php on line 94
[Method: GET, Route: admin/usuarios/editar/images/logo.svg]
in APPPATH\Controllers\Admin\Usuarios.php on line 142.
 1 APPPATH\Controllers\Admin\Usuarios.php(94): App\Controllers\Admin\Usuarios->buscaUsuarioOu404('images')
 2 SYSTEMPATH\CodeIgniter.php(933): App\Controllers\Admin\Usuarios->editar('images', 'logo.svg')
 3 SYSTEMPATH\CodeIgniter.php(509): CodeIgniter\CodeIgniter->runController(Object(App\Controllers\Admin\Usuarios))
 4 SYSTEMPATH\CodeIgniter.php(355): CodeIgniter\CodeIgniter->handleRequest(null, Object(Config\Cache), false)
 5 SYSTEMPATH\Boot.php(325): CodeIgniter\CodeIgniter->run()
 6 SYSTEMPATH\Boot.php(67): CodeIgniter\Boot::runCodeIgniter(Object(CodeIgniter\CodeIgniter))
 7 FCPATH\index.php(56): CodeIgniter\Boot::bootWeb(Object(Config\Paths))
 8 SYSTEMPATH\Commands\Server\rewrite.php(49): require_once('C:\\xampp\\htdocs\\food\\public\\index.php')
CRITICAL - 2024-06-18 00:18:03 --> TypeError: App\Controllers\Admin\Usuarios::buscaUsuarioOu404(): Argument #1 ($id) must be of type ?int, string given, called in C:\xampp\htdocs\food\app\Controllers\Admin\Usuarios.php on line 94
[Method: GET, Route: admin/usuarios/editar/images/logo-mini.svg]
in APPPATH\Controllers\Admin\Usuarios.php on line 142.
 1 APPPATH\Controllers\Admin\Usuarios.php(94): App\Controllers\Admin\Usuarios->buscaUsuarioOu404('images')
 2 SYSTEMPATH\CodeIgniter.php(933): App\Controllers\Admin\Usuarios->editar('images', 'logo-mini.svg')
 3 SYSTEMPATH\CodeIgniter.php(509): CodeIgniter\CodeIgniter->runController(Object(App\Controllers\Admin\Usuarios))
 4 SYSTEMPATH\CodeIgniter.php(355): CodeIgniter\CodeIgniter->handleRequest(null, Object(Config\Cache), false)
 5 SYSTEMPATH\Boot.php(325): CodeIgniter\CodeIgniter->run()
 6 SYSTEMPATH\Boot.php(67): CodeIgniter\Boot::runCodeIgniter(Object(CodeIgniter\CodeIgniter))
 7 FCPATH\index.php(56): CodeIgniter\Boot::bootWeb(Object(Config\Paths))
 8 SYSTEMPATH\Commands\Server\rewrite.php(49): require_once('C:\\xampp\\htdocs\\food\\public\\index.php')
CRITICAL - 2024-06-18 00:18:03 --> TypeError: App\Controllers\Admin\Usuarios::buscaUsuarioOu404(): Argument #1 ($id) must be of type ?int, string given, called in C:\xampp\htdocs\food\app\Controllers\Admin\Usuarios.php on line 94
[Method: GET, Route: admin/usuarios/editar/images/faces/face4.jpg]
in APPPATH\Controllers\Admin\Usuarios.php on line 142.
 1 APPPATH\Controllers\Admin\Usuarios.php(94): App\Controllers\Admin\Usuarios->buscaUsuarioOu404('images')
 2 SYSTEMPATH\CodeIgniter.php(933): App\Controllers\Admin\Usuarios->editar('images', 'faces', 'face4.jpg')
 3 SYSTEMPATH\CodeIgniter.php(509): CodeIgniter\CodeIgniter->runController(Object(App\Controllers\Admin\Usuarios))
 4 SYSTEMPATH\CodeIgniter.php(355): CodeIgniter\CodeIgniter->handleRequest(null, Object(Config\Cache), false)
 5 SYSTEMPATH\Boot.php(325): CodeIgniter\CodeIgniter->run()
 6 SYSTEMPATH\Boot.php(67): CodeIgniter\Boot::runCodeIgniter(Object(CodeIgniter\CodeIgniter))
 7 FCPATH\index.php(56): CodeIgniter\Boot::bootWeb(Object(Config\Paths))
 8 SYSTEMPATH\Commands\Server\rewrite.php(49): require_once('C:\\xampp\\htdocs\\food\\public\\index.php')
CRITICAL - 2024-06-18 00:18:03 --> TypeError: App\Controllers\Admin\Usuarios::buscaUsuarioOu404(): Argument #1 ($id) must be of type ?int, string given, called in C:\xampp\htdocs\food\app\Controllers\Admin\Usuarios.php on line 94
[Method: GET, Route: admin/usuarios/editar/images/faces/face2.jpg]
in APPPATH\Controllers\Admin\Usuarios.php on line 142.
 1 APPPATH\Controllers\Admin\Usuarios.php(94): App\Controllers\Admin\Usuarios->buscaUsuarioOu404('images')
 2 SYSTEMPATH\CodeIgniter.php(933): App\Controllers\Admin\Usuarios->editar('images', 'faces', 'face2.jpg')
 3 SYSTEMPATH\CodeIgniter.php(509): CodeIgniter\CodeIgniter->runController(Object(App\Controllers\Admin\Usuarios))
 4 SYSTEMPATH\CodeIgniter.php(355): CodeIgniter\CodeIgniter->handleRequest(null, Object(Config\Cache), false)
 5 SYSTEMPATH\Boot.php(325): CodeIgniter\CodeIgniter->run()
 6 SYSTEMPATH\Boot.php(67): CodeIgniter\Boot::runCodeIgniter(Object(CodeIgniter\CodeIgniter))
 7 FCPATH\index.php(56): CodeIgniter\Boot::bootWeb(Object(Config\Paths))
 8 SYSTEMPATH\Commands\Server\rewrite.php(49): require_once('C:\\xampp\\htdocs\\food\\public\\index.php')
CRITICAL - 2024-06-18 00:18:03 --> TypeError: App\Controllers\Admin\Usuarios::buscaUsuarioOu404(): Argument #1 ($id) must be of type ?int, string given, called in C:\xampp\htdocs\food\app\Controllers\Admin\Usuarios.php on line 94
[Method: GET, Route: admin/usuarios/editar/images/faces/face3.jpg]
in APPPATH\Controllers\Admin\Usuarios.php on line 142.
 1 APPPATH\Controllers\Admin\Usuarios.php(94): App\Controllers\Admin\Usuarios->buscaUsuarioOu404('images')
 2 SYSTEMPATH\CodeIgniter.php(933): App\Controllers\Admin\Usuarios->editar('images', 'faces', 'face3.jpg')
 3 SYSTEMPATH\CodeIgniter.php(509): CodeIgniter\CodeIgniter->runController(Object(App\Controllers\Admin\Usuarios))
 4 SYSTEMPATH\CodeIgniter.php(355): CodeIgniter\CodeIgniter->handleRequest(null, Object(Config\Cache), false)
 5 SYSTEMPATH\Boot.php(325): CodeIgniter\CodeIgniter->run()
 6 SYSTEMPATH\Boot.php(67): CodeIgniter\Boot::runCodeIgniter(Object(CodeIgniter\CodeIgniter))
 7 FCPATH\index.php(56): CodeIgniter\Boot::bootWeb(Object(Config\Paths))
 8 SYSTEMPATH\Commands\Server\rewrite.php(49): require_once('C:\\xampp\\htdocs\\food\\public\\index.php')
CRITICAL - 2024-06-18 00:18:03 --> TypeError: App\Controllers\Admin\Usuarios::buscaUsuarioOu404(): Argument #1 ($id) must be of type ?int, string given, called in C:\xampp\htdocs\food\app\Controllers\Admin\Usuarios.php on line 94
[Method: GET, Route: admin/usuarios/editar/images/faces/face5.jpg]
in APPPATH\Controllers\Admin\Usuarios.php on line 142.
 1 APPPATH\Controllers\Admin\Usuarios.php(94): App\Controllers\Admin\Usuarios->buscaUsuarioOu404('images')
 2 SYSTEMPATH\CodeIgniter.php(933): App\Controllers\Admin\Usuarios->editar('images', 'faces', 'face5.jpg')
 3 SYSTEMPATH\CodeIgniter.php(509): CodeIgniter\CodeIgniter->runController(Object(App\Controllers\Admin\Usuarios))
 4 SYSTEMPATH\CodeIgniter.php(355): CodeIgniter\CodeIgniter->handleRequest(null, Object(Config\Cache), false)
 5 SYSTEMPATH\Boot.php(325): CodeIgniter\CodeIgniter->run()
 6 SYSTEMPATH\Boot.php(67): CodeIgniter\Boot::runCodeIgniter(Object(CodeIgniter\CodeIgniter))
 7 FCPATH\index.php(56): CodeIgniter\Boot::bootWeb(Object(Config\Paths))
 8 SYSTEMPATH\Commands\Server\rewrite.php(49): require_once('C:\\xampp\\htdocs\\food\\public\\index.php')
INFO - 2024-06-18 00:18:19 --> CSRF token verified.
INFO - 2024-06-18 00:18:19 --> Session: Class initialized using 'CodeIgniter\Session\Handlers\FileHandler' driver.
INFO - 2024-06-18 00:18:20 --> Session: Class initialized using 'CodeIgniter\Session\Handlers\FileHandler' driver.
CRITICAL - 2024-06-18 00:18:20 --> TypeError: App\Controllers\Admin\Usuarios::buscaUsuarioOu404(): Argument #1 ($id) must be of type ?int, string given, called in C:\xampp\htdocs\food\app\Controllers\Admin\Usuarios.php on line 83
[Method: GET, Route: admin/usuarios/show/images/logo.svg]
in APPPATH\Controllers\Admin\Usuarios.php on line 142.
 1 APPPATH\Controllers\Admin\Usuarios.php(83): App\Controllers\Admin\Usuarios->buscaUsuarioOu404('images')
 2 SYSTEMPATH\CodeIgniter.php(933): App\Controllers\Admin\Usuarios->show('images', 'logo.svg')
 3 SYSTEMPATH\CodeIgniter.php(509): CodeIgniter\CodeIgniter->runController(Object(App\Controllers\Admin\Usuarios))
 4 SYSTEMPATH\CodeIgniter.php(355): CodeIgniter\CodeIgniter->handleRequest(null, Object(Config\Cache), false)
 5 SYSTEMPATH\Boot.php(325): CodeIgniter\CodeIgniter->run()
 6 SYSTEMPATH\Boot.php(67): CodeIgniter\Boot::runCodeIgniter(Object(CodeIgniter\CodeIgniter))
 7 FCPATH\index.php(56): CodeIgniter\Boot::bootWeb(Object(Config\Paths))
 8 SYSTEMPATH\Commands\Server\rewrite.php(49): require_once('C:\\xampp\\htdocs\\food\\public\\index.php')
CRITICAL - 2024-06-18 00:18:20 --> TypeError: App\Controllers\Admin\Usuarios::buscaUsuarioOu404(): Argument #1 ($id) must be of type ?int, string given, called in C:\xampp\htdocs\food\app\Controllers\Admin\Usuarios.php on line 83
[Method: GET, Route: admin/usuarios/show/images/logo-mini.svg]
in APPPATH\Controllers\Admin\Usuarios.php on line 142.
 1 APPPATH\Controllers\Admin\Usuarios.php(83): App\Controllers\Admin\Usuarios->buscaUsuarioOu404('images')
 2 SYSTEMPATH\CodeIgniter.php(933): App\Controllers\Admin\Usuarios->show('images', 'logo-mini.svg')
 3 SYSTEMPATH\CodeIgniter.php(509): CodeIgniter\CodeIgniter->runController(Object(App\Controllers\Admin\Usuarios))
 4 SYSTEMPATH\CodeIgniter.php(355): CodeIgniter\CodeIgniter->handleRequest(null, Object(Config\Cache), false)
 5 SYSTEMPATH\Boot.php(325): CodeIgniter\CodeIgniter->run()
 6 SYSTEMPATH\Boot.php(67): CodeIgniter\Boot::runCodeIgniter(Object(CodeIgniter\CodeIgniter))
 7 FCPATH\index.php(56): CodeIgniter\Boot::bootWeb(Object(Config\Paths))
 8 SYSTEMPATH\Commands\Server\rewrite.php(49): require_once('C:\\xampp\\htdocs\\food\\public\\index.php')
CRITICAL - 2024-06-18 00:18:20 --> TypeError: App\Controllers\Admin\Usuarios::buscaUsuarioOu404(): Argument #1 ($id) must be of type ?int, string given, called in C:\xampp\htdocs\food\app\Controllers\Admin\Usuarios.php on line 83
[Method: GET, Route: admin/usuarios/show/images/faces/face4.jpg]
in APPPATH\Controllers\Admin\Usuarios.php on line 142.
 1 APPPATH\Controllers\Admin\Usuarios.php(83): App\Controllers\Admin\Usuarios->buscaUsuarioOu404('images')
 2 SYSTEMPATH\CodeIgniter.php(933): App\Controllers\Admin\Usuarios->show('images', 'faces', 'face4.jpg')
 3 SYSTEMPATH\CodeIgniter.php(509): CodeIgniter\CodeIgniter->runController(Object(App\Controllers\Admin\Usuarios))
 4 SYSTEMPATH\CodeIgniter.php(355): CodeIgniter\CodeIgniter->handleRequest(null, Object(Config\Cache), false)
 5 SYSTEMPATH\Boot.php(325): CodeIgniter\CodeIgniter->run()
 6 SYSTEMPATH\Boot.php(67): CodeIgniter\Boot::runCodeIgniter(Object(CodeIgniter\CodeIgniter))
 7 FCPATH\index.php(56): CodeIgniter\Boot::bootWeb(Object(Config\Paths))
 8 SYSTEMPATH\Commands\Server\rewrite.php(49): require_once('C:\\xampp\\htdocs\\food\\public\\index.php')
CRITICAL - 2024-06-18 00:18:20 --> TypeError: App\Controllers\Admin\Usuarios::buscaUsuarioOu404(): Argument #1 ($id) must be of type ?int, string given, called in C:\xampp\htdocs\food\app\Controllers\Admin\Usuarios.php on line 83
[Method: GET, Route: admin/usuarios/show/images/faces/face2.jpg]
in APPPATH\Controllers\Admin\Usuarios.php on line 142.
 1 APPPATH\Controllers\Admin\Usuarios.php(83): App\Controllers\Admin\Usuarios->buscaUsuarioOu404('images')
 2 SYSTEMPATH\CodeIgniter.php(933): App\Controllers\Admin\Usuarios->show('images', 'faces', 'face2.jpg')
 3 SYSTEMPATH\CodeIgniter.php(509): CodeIgniter\CodeIgniter->runController(Object(App\Controllers\Admin\Usuarios))
 4 SYSTEMPATH\CodeIgniter.php(355): CodeIgniter\CodeIgniter->handleRequest(null, Object(Config\Cache), false)
 5 SYSTEMPATH\Boot.php(325): CodeIgniter\CodeIgniter->run()
 6 SYSTEMPATH\Boot.php(67): CodeIgniter\Boot::runCodeIgniter(Object(CodeIgniter\CodeIgniter))
 7 FCPATH\index.php(56): CodeIgniter\Boot::bootWeb(Object(Config\Paths))
 8 SYSTEMPATH\Commands\Server\rewrite.php(49): require_once('C:\\xampp\\htdocs\\food\\public\\index.php')
CRITICAL - 2024-06-18 00:18:20 --> TypeError: App\Controllers\Admin\Usuarios::buscaUsuarioOu404(): Argument #1 ($id) must be of type ?int, string given, called in C:\xampp\htdocs\food\app\Controllers\Admin\Usuarios.php on line 83
[Method: GET, Route: admin/usuarios/show/images/faces/face3.jpg]
in APPPATH\Controllers\Admin\Usuarios.php on line 142.
 1 APPPATH\Controllers\Admin\Usuarios.php(83): App\Controllers\Admin\Usuarios->buscaUsuarioOu404('images')
 2 SYSTEMPATH\CodeIgniter.php(933): App\Controllers\Admin\Usuarios->show('images', 'faces', 'face3.jpg')
 3 SYSTEMPATH\CodeIgniter.php(509): CodeIgniter\CodeIgniter->runController(Object(App\Controllers\Admin\Usuarios))
 4 SYSTEMPATH\CodeIgniter.php(355): CodeIgniter\CodeIgniter->handleRequest(null, Object(Config\Cache), false)
 5 SYSTEMPATH\Boot.php(325): CodeIgniter\CodeIgniter->run()
 6 SYSTEMPATH\Boot.php(67): CodeIgniter\Boot::runCodeIgniter(Object(CodeIgniter\CodeIgniter))
 7 FCPATH\index.php(56): CodeIgniter\Boot::bootWeb(Object(Config\Paths))
 8 SYSTEMPATH\Commands\Server\rewrite.php(49): require_once('C:\\xampp\\htdocs\\food\\public\\index.php')
CRITICAL - 2024-06-18 00:18:20 --> TypeError: App\Controllers\Admin\Usuarios::buscaUsuarioOu404(): Argument #1 ($id) must be of type ?int, string given, called in C:\xampp\htdocs\food\app\Controllers\Admin\Usuarios.php on line 83
[Method: GET, Route: admin/usuarios/show/images/faces/face5.jpg]
in APPPATH\Controllers\Admin\Usuarios.php on line 142.
 1 APPPATH\Controllers\Admin\Usuarios.php(83): App\Controllers\Admin\Usuarios->buscaUsuarioOu404('images')
 2 SYSTEMPATH\CodeIgniter.php(933): App\Controllers\Admin\Usuarios->show('images', 'faces', 'face5.jpg')
 3 SYSTEMPATH\CodeIgniter.php(509): CodeIgniter\CodeIgniter->runController(Object(App\Controllers\Admin\Usuarios))
 4 SYSTEMPATH\CodeIgniter.php(355): CodeIgniter\CodeIgniter->handleRequest(null, Object(Config\Cache), false)
 5 SYSTEMPATH\Boot.php(325): CodeIgniter\CodeIgniter->run()
 6 SYSTEMPATH\Boot.php(67): CodeIgniter\Boot::runCodeIgniter(Object(CodeIgniter\CodeIgniter))
 7 FCPATH\index.php(56): CodeIgniter\Boot::bootWeb(Object(Config\Paths))
 8 SYSTEMPATH\Commands\Server\rewrite.php(49): require_once('C:\\xampp\\htdocs\\food\\public\\index.php')
INFO - 2024-06-18 00:18:30 --> Session: Class initialized using 'CodeIgniter\Session\Handlers\FileHandler' driver.
INFO - 2024-06-18 00:18:32 --> Session: Class initialized using 'CodeIgniter\Session\Handlers\FileHandler' driver.
CRITICAL - 2024-06-18 00:18:32 --> TypeError: App\Controllers\Admin\Usuarios::buscaUsuarioOu404(): Argument #1 ($id) must be of type ?int, string given, called in C:\xampp\htdocs\food\app\Controllers\Admin\Usuarios.php on line 83
[Method: GET, Route: admin/usuarios/show/images/logo.svg]
in APPPATH\Controllers\Admin\Usuarios.php on line 142.
 1 APPPATH\Controllers\Admin\Usuarios.php(83): App\Controllers\Admin\Usuarios->buscaUsuarioOu404('images')
 2 SYSTEMPATH\CodeIgniter.php(933): App\Controllers\Admin\Usuarios->show('images', 'logo.svg')
 3 SYSTEMPATH\CodeIgniter.php(509): CodeIgniter\CodeIgniter->runController(Object(App\Controllers\Admin\Usuarios))
 4 SYSTEMPATH\CodeIgniter.php(355): CodeIgniter\CodeIgniter->handleRequest(null, Object(Config\Cache), false)
 5 SYSTEMPATH\Boot.php(325): CodeIgniter\CodeIgniter->run()
 6 SYSTEMPATH\Boot.php(67): CodeIgniter\Boot::runCodeIgniter(Object(CodeIgniter\CodeIgniter))
 7 FCPATH\index.php(56): CodeIgniter\Boot::bootWeb(Object(Config\Paths))
 8 SYSTEMPATH\Commands\Server\rewrite.php(49): require_once('C:\\xampp\\htdocs\\food\\public\\index.php')
CRITICAL - 2024-06-18 00:18:32 --> TypeError: App\Controllers\Admin\Usuarios::buscaUsuarioOu404(): Argument #1 ($id) must be of type ?int, string given, called in C:\xampp\htdocs\food\app\Controllers\Admin\Usuarios.php on line 83
[Method: GET, Route: admin/usuarios/show/images/logo-mini.svg]
in APPPATH\Controllers\Admin\Usuarios.php on line 142.
 1 APPPATH\Controllers\Admin\Usuarios.php(83): App\Controllers\Admin\Usuarios->buscaUsuarioOu404('images')
 2 SYSTEMPATH\CodeIgniter.php(933): App\Controllers\Admin\Usuarios->show('images', 'logo-mini.svg')
 3 SYSTEMPATH\CodeIgniter.php(509): CodeIgniter\CodeIgniter->runController(Object(App\Controllers\Admin\Usuarios))
 4 SYSTEMPATH\CodeIgniter.php(355): CodeIgniter\CodeIgniter->handleRequest(null, Object(Config\Cache), false)
 5 SYSTEMPATH\Boot.php(325): CodeIgniter\CodeIgniter->run()
 6 SYSTEMPATH\Boot.php(67): CodeIgniter\Boot::runCodeIgniter(Object(CodeIgniter\CodeIgniter))
 7 FCPATH\index.php(56): CodeIgniter\Boot::bootWeb(Object(Config\Paths))
 8 SYSTEMPATH\Commands\Server\rewrite.php(49): require_once('C:\\xampp\\htdocs\\food\\public\\index.php')
CRITICAL - 2024-06-18 00:18:33 --> TypeError: App\Controllers\Admin\Usuarios::buscaUsuarioOu404(): Argument #1 ($id) must be of type ?int, string given, called in C:\xampp\htdocs\food\app\Controllers\Admin\Usuarios.php on line 83
[Method: GET, Route: admin/usuarios/show/images/faces/face4.jpg]
in APPPATH\Controllers\Admin\Usuarios.php on line 142.
 1 APPPATH\Controllers\Admin\Usuarios.php(83): App\Controllers\Admin\Usuarios->buscaUsuarioOu404('images')
 2 SYSTEMPATH\CodeIgniter.php(933): App\Controllers\Admin\Usuarios->show('images', 'faces', 'face4.jpg')
 3 SYSTEMPATH\CodeIgniter.php(509): CodeIgniter\CodeIgniter->runController(Object(App\Controllers\Admin\Usuarios))
 4 SYSTEMPATH\CodeIgniter.php(355): CodeIgniter\CodeIgniter->handleRequest(null, Object(Config\Cache), false)
 5 SYSTEMPATH\Boot.php(325): CodeIgniter\CodeIgniter->run()
 6 SYSTEMPATH\Boot.php(67): CodeIgniter\Boot::runCodeIgniter(Object(CodeIgniter\CodeIgniter))
 7 FCPATH\index.php(56): CodeIgniter\Boot::bootWeb(Object(Config\Paths))
 8 SYSTEMPATH\Commands\Server\rewrite.php(49): require_once('C:\\xampp\\htdocs\\food\\public\\index.php')
CRITICAL - 2024-06-18 00:18:33 --> TypeError: App\Controllers\Admin\Usuarios::buscaUsuarioOu404(): Argument #1 ($id) must be of type ?int, string given, called in C:\xampp\htdocs\food\app\Controllers\Admin\Usuarios.php on line 83
[Method: GET, Route: admin/usuarios/show/images/faces/face2.jpg]
in APPPATH\Controllers\Admin\Usuarios.php on line 142.
 1 APPPATH\Controllers\Admin\Usuarios.php(83): App\Controllers\Admin\Usuarios->buscaUsuarioOu404('images')
 2 SYSTEMPATH\CodeIgniter.php(933): App\Controllers\Admin\Usuarios->show('images', 'faces', 'face2.jpg')
 3 SYSTEMPATH\CodeIgniter.php(509): CodeIgniter\CodeIgniter->runController(Object(App\Controllers\Admin\Usuarios))
 4 SYSTEMPATH\CodeIgniter.php(355): CodeIgniter\CodeIgniter->handleRequest(null, Object(Config\Cache), false)
 5 SYSTEMPATH\Boot.php(325): CodeIgniter\CodeIgniter->run()
 6 SYSTEMPATH\Boot.php(67): CodeIgniter\Boot::runCodeIgniter(Object(CodeIgniter\CodeIgniter))
 7 FCPATH\index.php(56): CodeIgniter\Boot::bootWeb(Object(Config\Paths))
 8 SYSTEMPATH\Commands\Server\rewrite.php(49): require_once('C:\\xampp\\htdocs\\food\\public\\index.php')
CRITICAL - 2024-06-18 00:18:33 --> TypeError: App\Controllers\Admin\Usuarios::buscaUsuarioOu404(): Argument #1 ($id) must be of type ?int, string given, called in C:\xampp\htdocs\food\app\Controllers\Admin\Usuarios.php on line 83
[Method: GET, Route: admin/usuarios/show/images/faces/face3.jpg]
in APPPATH\Controllers\Admin\Usuarios.php on line 142.
 1 APPPATH\Controllers\Admin\Usuarios.php(83): App\Controllers\Admin\Usuarios->buscaUsuarioOu404('images')
 2 SYSTEMPATH\CodeIgniter.php(933): App\Controllers\Admin\Usuarios->show('images', 'faces', 'face3.jpg')
 3 SYSTEMPATH\CodeIgniter.php(509): CodeIgniter\CodeIgniter->runController(Object(App\Controllers\Admin\Usuarios))
 4 SYSTEMPATH\CodeIgniter.php(355): CodeIgniter\CodeIgniter->handleRequest(null, Object(Config\Cache), false)
 5 SYSTEMPATH\Boot.php(325): CodeIgniter\CodeIgniter->run()
 6 SYSTEMPATH\Boot.php(67): CodeIgniter\Boot::runCodeIgniter(Object(CodeIgniter\CodeIgniter))
 7 FCPATH\index.php(56): CodeIgniter\Boot::bootWeb(Object(Config\Paths))
 8 SYSTEMPATH\Commands\Server\rewrite.php(49): require_once('C:\\xampp\\htdocs\\food\\public\\index.php')
CRITICAL - 2024-06-18 00:18:33 --> TypeError: App\Controllers\Admin\Usuarios::buscaUsuarioOu404(): Argument #1 ($id) must be of type ?int, string given, called in C:\xampp\htdocs\food\app\Controllers\Admin\Usuarios.php on line 83
[Method: GET, Route: admin/usuarios/show/images/faces/face5.jpg]
in APPPATH\Controllers\Admin\Usuarios.php on line 142.
 1 APPPATH\Controllers\Admin\Usuarios.php(83): App\Controllers\Admin\Usuarios->buscaUsuarioOu404('images')
 2 SYSTEMPATH\CodeIgniter.php(933): App\Controllers\Admin\Usuarios->show('images', 'faces', 'face5.jpg')
 3 SYSTEMPATH\CodeIgniter.php(509): CodeIgniter\CodeIgniter->runController(Object(App\Controllers\Admin\Usuarios))
 4 SYSTEMPATH\CodeIgniter.php(355): CodeIgniter\CodeIgniter->handleRequest(null, Object(Config\Cache), false)
 5 SYSTEMPATH\Boot.php(325): CodeIgniter\CodeIgniter->run()
 6 SYSTEMPATH\Boot.php(67): CodeIgniter\Boot::runCodeIgniter(Object(CodeIgniter\CodeIgniter))
 7 FCPATH\index.php(56): CodeIgniter\Boot::bootWeb(Object(Config\Paths))
 8 SYSTEMPATH\Commands\Server\rewrite.php(49): require_once('C:\\xampp\\htdocs\\food\\public\\index.php')
